2024-03-28 21:38:20,589 [INFO] Activator:176 - 


2024-03-28 21:38:20,599 [INFO] Activator:177 - !SESSION log4j initialized
2024-03-28 21:38:29,239 [INFO] LogOutputStream:77 - [STDOUT_REDIRECT] 
2024-03-28 21:38:35,577 [INFO] ApplicationProperties:184 - Using Application install path: G:\stm32cubeide\stm32cubeide114\STM32CubeIDE_1.14.0\STM32CubeIDE\plugins\com.st.stm32cube.common.mx_6.10.0.202311202037
2024-03-28 21:38:35,598 [INFO] DbMcusXml:78 - Set database path to: G:\stm32cubeide\stm32cubeide114\STM32CubeIDE_1.14.0\STM32CubeIDE\plugins\com.st.stm32cube.common.mx_6.10.0.202311202037\\db\/mcu/
2024-03-28 21:38:35,599 [INFO] ApiDb:274 - Set plugin database path to: G:\stm32cubeide\stm32cubeide114\STM32CubeIDE_1.14.0\STM32CubeIDE\plugins\com.st.stm32cube.common.mx_6.10.0.202311202037\\db\/plugins/boardmanager/
2024-03-28 21:38:35,600 [WARN] ApiDb:259 - Overriding images path with different value:  => G:\stm32cubeide\stm32cubeide114\STM32CubeIDE_1.14.0\STM32CubeIDE\plugins\com.st.stm32cube.common.mx_6.10.0.202311202037\\db\/plugins/mcufinder/images/
2024-03-28 21:38:35,618 [INFO] ApiDb:250 - Set database path to: C:\Users\Nghia\.stmcufinder\plugins\mcufinder//mcu/
2024-03-28 21:38:35,620 [INFO] DbMcusAds:125 - Set database path to: C:\Users\Nghia\.stmcufinder\plugins\mcufinder//mcu/
2024-03-28 21:38:35,623 [INFO] CrossReferenceDbSqlite:203 - Set database path to: C:\Users\Nghia\.stmcufinder\plugins\mcufinder//mcu/cs/
2024-03-28 21:38:35,743 [INFO] RulesReader:64 - Compatibility file has been processed (297 Rules)
2024-03-28 21:38:35,832 [INFO] DbMcusXml:78 - Set database path to: G:\stm32cubeide\stm32cubeide114\STM32CubeIDE_1.14.0\STM32CubeIDE\plugins\com.st.stm32cube.common.mx_6.10.0.202311202037\\db\/mcu/
2024-03-28 21:38:35,832 [INFO] ApiDb:274 - Set plugin database path to: G:\stm32cubeide\stm32cubeide114\STM32CubeIDE_1.14.0\STM32CubeIDE\plugins\com.st.stm32cube.common.mx_6.10.0.202311202037\\db\/plugins/boardmanager/
2024-03-28 21:38:35,832 [INFO] ApiDb:261 - Set plugin images path to: G:\stm32cubeide\stm32cubeide114\STM32CubeIDE_1.14.0\STM32CubeIDE\plugins\com.st.stm32cube.common.mx_6.10.0.202311202037\\db\/plugins/mcufinder/images/
2024-03-28 21:38:35,833 [WARN] DbFile:41 - Overriding database path with different value: C:\Users\Nghia\.stmcufinder\plugins\mcufinder/ => C:\Users\Nghia\.stmcufinder\plugins\mcufinder
2024-03-28 21:38:35,833 [INFO] ApiDb:250 - Set database path to: C:\Users\Nghia\.stmcufinder\plugins\mcufinder//mcu/
2024-03-28 21:38:35,833 [WARN] DbFile:41 - Overriding database path with different value: C:\Users\Nghia\.stmcufinder\plugins\mcufinder/ => C:\Users\Nghia\.stmcufinder\plugins\mcufinder
2024-03-28 21:38:35,833 [INFO] DbMcusAds:125 - Set database path to: C:\Users\Nghia\.stmcufinder\plugins\mcufinder//mcu/
2024-03-28 21:38:35,833 [WARN] DbFile:41 - Overriding database path with different value: C:\Users\Nghia\.stmcufinder\plugins\mcufinder/ => C:\Users\Nghia\.stmcufinder\plugins\mcufinder
2024-03-28 21:38:35,833 [WARN] DbFile:41 - Overriding database path with different value: C:\Users\Nghia\.stmcufinder\plugins\mcufinder/ => C:\Users\Nghia\.stmcufinder\plugins\mcufinder
2024-03-28 21:38:35,833 [INFO] CrossReferenceDbSqlite:203 - Set database path to: C:\Users\Nghia\.stmcufinder\plugins\mcufinder//mcu/cs/
2024-03-28 21:38:35,912 [INFO] MainPanel:264 - HeapMemory: 268435456
2024-03-28 21:38:36,013 [INFO] DbMcusXml:78 - Set database path to: G:\stm32cubeide\stm32cubeide114\STM32CubeIDE_1.14.0\STM32CubeIDE\plugins\com.st.stm32cube.common.mx_6.10.0.202311202037\\db\/mcu/
2024-03-28 21:38:36,013 [INFO] ApiDb:274 - Set plugin database path to: G:\stm32cubeide\stm32cubeide114\STM32CubeIDE_1.14.0\STM32CubeIDE\plugins\com.st.stm32cube.common.mx_6.10.0.202311202037\\db\/plugins/boardmanager/
2024-03-28 21:38:36,013 [INFO] ApiDb:261 - Set plugin images path to: G:\stm32cubeide\stm32cubeide114\STM32CubeIDE_1.14.0\STM32CubeIDE\plugins\com.st.stm32cube.common.mx_6.10.0.202311202037\\db\/plugins/mcufinder/images/
2024-03-28 21:38:36,013 [WARN] DbFile:41 - Overriding database path with different value: C:\Users\Nghia\.stmcufinder\plugins\mcufinder/ => C:\Users\Nghia\.stmcufinder\plugins\mcufinder
2024-03-28 21:38:36,013 [INFO] ApiDb:250 - Set database path to: C:\Users\Nghia\.stmcufinder\plugins\mcufinder//mcu/
2024-03-28 21:38:36,014 [WARN] DbFile:41 - Overriding database path with different value: C:\Users\Nghia\.stmcufinder\plugins\mcufinder/ => C:\Users\Nghia\.stmcufinder\plugins\mcufinder
2024-03-28 21:38:36,014 [INFO] DbMcusAds:125 - Set database path to: C:\Users\Nghia\.stmcufinder\plugins\mcufinder//mcu/
2024-03-28 21:38:36,014 [WARN] DbFile:41 - Overriding database path with different value: C:\Users\Nghia\.stmcufinder\plugins\mcufinder/ => C:\Users\Nghia\.stmcufinder\plugins\mcufinder
2024-03-28 21:38:36,014 [WARN] DbFile:41 - Overriding database path with different value: C:\Users\Nghia\.stmcufinder\plugins\mcufinder/ => C:\Users\Nghia\.stmcufinder\plugins\mcufinder
2024-03-28 21:38:36,014 [INFO] CrossReferenceDbSqlite:203 - Set database path to: C:\Users\Nghia\.stmcufinder\plugins\mcufinder//mcu/cs/
2024-03-28 21:38:36,032 [INFO] ApplicationProperties:184 - Using Application install path: G:\stm32cubeide\stm32cubeide114\STM32CubeIDE_1.14.0\STM32CubeIDE\plugins\com.st.stm32cube.common.mx_6.10.0.202311202037
2024-03-28 21:38:36,034 [INFO] PluginManage:196 - Search for loadable plugins [exclusion list=, ]
2024-03-28 21:38:36,035 [INFO] PluginManage:310 - Check plugin analytics
2024-03-28 21:38:41,092 [INFO] AnalyticsPlugin:253 - Accepted Software Licenses: STM32CubeMX.6.8.0,STM32CubeMX.6.1.1
2024-03-28 21:38:41,092 [INFO] AnalyticsPlugin:255 - Accepted CMSIS Pack Licenses: 
2024-03-28 21:38:41,093 [INFO] AnalyticsPlugin:257 - Accepted Firmware Licenses: FW.F4.1.27.0,FW.F4.1.28.0
2024-03-28 21:38:41,094 [INFO] PluginManage:359 - Loaded plugin analytics (category:tool,tabindex:-1)
2024-03-28 21:38:41,095 [INFO] PluginManage:310 - Check plugin cadmodel
2024-03-28 21:38:41,107 [INFO] CADModel:105 - Init CAD model plugin
2024-03-28 21:38:41,108 [INFO] PluginManage:359 - Loaded plugin cadmodel (category:power,tabindex:5)
2024-03-28 21:38:41,108 [INFO] PluginManage:310 - Check plugin clock
2024-03-28 21:38:41,125 [INFO] PluginManage:359 - Loaded plugin clock (category:base,tabindex:2)
2024-03-28 21:38:41,125 [INFO] PluginManage:310 - Check plugin ddr
2024-03-28 21:38:41,127 [INFO] PluginManage:359 - Loaded plugin ddr (category:tool,tabindex:6)
2024-03-28 21:38:41,127 [INFO] PluginManage:310 - Check plugin filemanager
2024-03-28 21:38:41,252 [INFO] PluginManage:359 - Loaded plugin filemanager (category:base,tabindex:10)
2024-03-28 21:38:41,252 [INFO] PluginManage:310 - Check plugin ipmanager
2024-03-28 21:38:41,261 [INFO] PluginManage:359 - Loaded plugin ipmanager (category:base,tabindex:5)
2024-03-28 21:38:41,261 [INFO] PluginManage:310 - Check plugin lpbam
2024-03-28 21:38:41,275 [INFO] PluginManage:359 - Loaded plugin lpbam (category:base,tabindex:0)
2024-03-28 21:38:41,275 [INFO] PluginManage:310 - Check plugin memorymap
2024-03-28 21:38:41,295 [INFO] PluginManage:359 - Loaded plugin memorymap (category:base,tabindex:4)
2024-03-28 21:38:41,295 [INFO] PluginManage:310 - Check plugin pinoutandconfiguration
2024-03-28 21:38:41,309 [INFO] PluginManage:359 - Loaded plugin pinoutandconfiguration (category:base,tabindex:1)
2024-03-28 21:38:41,309 [INFO] PluginManage:310 - Check plugin pinoutconfig
2024-03-28 21:38:41,395 [WARN] SupportedApi:132 - Cannot load RTOS API schema: s4s-elt-must-match.1: The content of 'definitions' must match (annotation?, (simpleType | complexType)?, (unique | key | keyref)*)). A problem was found starting at: attribute.
2024-03-28 21:38:41,539 [INFO] PluginManage:359 - Loaded plugin pinoutconfig (category:base,tabindex:0)
2024-03-28 21:38:41,539 [INFO] PluginManage:310 - Check plugin power
2024-03-28 21:38:41,556 [INFO] PluginManage:359 - Loaded plugin power (category:power,tabindex:4)
2024-03-28 21:38:41,557 [INFO] PluginManage:310 - Check plugin projectmanager
2024-03-28 21:38:41,573 [INFO] PluginManage:359 - Loaded plugin projectmanager (category:projectmanager,tabindex:3)
2024-03-28 21:38:41,574 [INFO] PluginManage:310 - Check plugin thirdparty
2024-03-28 21:38:42,105 [WARN] IntegrityCheckThread:84 - waiting for thirdparty lock release [integrity check]
2024-03-28 21:38:42,105 [INFO] IntegrityCheckThread:86 - entering critical section [integrity check]
2024-03-28 21:38:42,105 [INFO] PluginManage:359 - Loaded plugin thirdparty (category:base,tabindex:-1)
2024-03-28 21:38:42,106 [INFO] PluginManage:310 - Check plugin tools
2024-03-28 21:38:42,106 [INFO] ThirdPartyUpdaterWithRetryManager:70 - Updater plugin not ready yet. [1/15]
2024-03-28 21:38:42,169 [INFO] PluginManage:359 - Loaded plugin tools (category:base,tabindex:7)
2024-03-28 21:38:42,169 [INFO] PluginManage:310 - Check plugin tutovideos
2024-03-28 21:38:42,473 [INFO] PluginManage:359 - Loaded plugin tutovideos (category:base,tabindex:-1)
2024-03-28 21:38:42,474 [INFO] PluginManage:310 - Check plugin updater
2024-03-28 22:25:41,824 [INFO] Activator:176 - 


2024-03-28 22:25:41,826 [INFO] Activator:177 - !SESSION log4j initialized
2024-03-28 22:25:47,582 [INFO] LogOutputStream:77 - [STDOUT_REDIRECT] 
2024-03-28 22:25:53,989 [INFO] ApplicationProperties:184 - Using Application install path: G:\stm32cubeide\stm32cubeide114\STM32CubeIDE_1.14.0\STM32CubeIDE\plugins\com.st.stm32cube.common.mx_6.10.0.202311202037
2024-03-28 22:25:54,008 [INFO] DbMcusXml:78 - Set database path to: G:\stm32cubeide\stm32cubeide114\STM32CubeIDE_1.14.0\STM32CubeIDE\plugins\com.st.stm32cube.common.mx_6.10.0.202311202037\\db\/mcu/
2024-03-28 22:25:54,008 [INFO] ApiDb:274 - Set plugin database path to: G:\stm32cubeide\stm32cubeide114\STM32CubeIDE_1.14.0\STM32CubeIDE\plugins\com.st.stm32cube.common.mx_6.10.0.202311202037\\db\/plugins/boardmanager/
2024-03-28 22:25:54,008 [WARN] ApiDb:259 - Overriding images path with different value:  => G:\stm32cubeide\stm32cubeide114\STM32CubeIDE_1.14.0\STM32CubeIDE\plugins\com.st.stm32cube.common.mx_6.10.0.202311202037\\db\/plugins/mcufinder/images/
2024-03-28 22:25:54,018 [INFO] ApiDb:250 - Set database path to: C:\Users\Nghia\.stmcufinder\plugins\mcufinder//mcu/
2024-03-28 22:25:54,020 [INFO] DbMcusAds:125 - Set database path to: C:\Users\Nghia\.stmcufinder\plugins\mcufinder//mcu/
2024-03-28 22:25:54,022 [INFO] CrossReferenceDbSqlite:203 - Set database path to: C:\Users\Nghia\.stmcufinder\plugins\mcufinder//mcu/cs/
2024-03-28 22:25:54,132 [INFO] RulesReader:64 - Compatibility file has been processed (297 Rules)
2024-03-28 22:25:54,211 [INFO] DbMcusXml:78 - Set database path to: G:\stm32cubeide\stm32cubeide114\STM32CubeIDE_1.14.0\STM32CubeIDE\plugins\com.st.stm32cube.common.mx_6.10.0.202311202037\\db\/mcu/
2024-03-28 22:25:54,211 [INFO] ApiDb:274 - Set plugin database path to: G:\stm32cubeide\stm32cubeide114\STM32CubeIDE_1.14.0\STM32CubeIDE\plugins\com.st.stm32cube.common.mx_6.10.0.202311202037\\db\/plugins/boardmanager/
2024-03-28 22:25:54,211 [INFO] ApiDb:261 - Set plugin images path to: G:\stm32cubeide\stm32cubeide114\STM32CubeIDE_1.14.0\STM32CubeIDE\plugins\com.st.stm32cube.common.mx_6.10.0.202311202037\\db\/plugins/mcufinder/images/
2024-03-28 22:25:54,212 [WARN] DbFile:41 - Overriding database path with different value: C:\Users\Nghia\.stmcufinder\plugins\mcufinder/ => C:\Users\Nghia\.stmcufinder\plugins\mcufinder
2024-03-28 22:25:54,212 [INFO] ApiDb:250 - Set database path to: C:\Users\Nghia\.stmcufinder\plugins\mcufinder//mcu/
2024-03-28 22:25:54,212 [WARN] DbFile:41 - Overriding database path with different value: C:\Users\Nghia\.stmcufinder\plugins\mcufinder/ => C:\Users\Nghia\.stmcufinder\plugins\mcufinder
2024-03-28 22:25:54,212 [INFO] DbMcusAds:125 - Set database path to: C:\Users\Nghia\.stmcufinder\plugins\mcufinder//mcu/
2024-03-28 22:25:54,212 [WARN] DbFile:41 - Overriding database path with different value: C:\Users\Nghia\.stmcufinder\plugins\mcufinder/ => C:\Users\Nghia\.stmcufinder\plugins\mcufinder
2024-03-28 22:25:54,212 [WARN] DbFile:41 - Overriding database path with different value: C:\Users\Nghia\.stmcufinder\plugins\mcufinder/ => C:\Users\Nghia\.stmcufinder\plugins\mcufinder
2024-03-28 22:25:54,212 [INFO] CrossReferenceDbSqlite:203 - Set database path to: C:\Users\Nghia\.stmcufinder\plugins\mcufinder//mcu/cs/
2024-03-28 22:25:54,286 [INFO] MainPanel:264 - HeapMemory: 268435456
2024-03-28 22:25:54,375 [INFO] DbMcusXml:78 - Set database path to: G:\stm32cubeide\stm32cubeide114\STM32CubeIDE_1.14.0\STM32CubeIDE\plugins\com.st.stm32cube.common.mx_6.10.0.202311202037\\db\/mcu/
2024-03-28 22:25:54,375 [INFO] ApiDb:274 - Set plugin database path to: G:\stm32cubeide\stm32cubeide114\STM32CubeIDE_1.14.0\STM32CubeIDE\plugins\com.st.stm32cube.common.mx_6.10.0.202311202037\\db\/plugins/boardmanager/
2024-03-28 22:25:54,375 [INFO] ApiDb:261 - Set plugin images path to: G:\stm32cubeide\stm32cubeide114\STM32CubeIDE_1.14.0\STM32CubeIDE\plugins\com.st.stm32cube.common.mx_6.10.0.202311202037\\db\/plugins/mcufinder/images/
2024-03-28 22:25:54,375 [WARN] DbFile:41 - Overriding database path with different value: C:\Users\Nghia\.stmcufinder\plugins\mcufinder/ => C:\Users\Nghia\.stmcufinder\plugins\mcufinder
2024-03-28 22:25:54,375 [INFO] ApiDb:250 - Set database path to: C:\Users\Nghia\.stmcufinder\plugins\mcufinder//mcu/
2024-03-28 22:25:54,375 [WARN] DbFile:41 - Overriding database path with different value: C:\Users\Nghia\.stmcufinder\plugins\mcufinder/ => C:\Users\Nghia\.stmcufinder\plugins\mcufinder
2024-03-28 22:25:54,375 [INFO] DbMcusAds:125 - Set database path to: C:\Users\Nghia\.stmcufinder\plugins\mcufinder//mcu/
2024-03-28 22:25:54,375 [WARN] DbFile:41 - Overriding database path with different value: C:\Users\Nghia\.stmcufinder\plugins\mcufinder/ => C:\Users\Nghia\.stmcufinder\plugins\mcufinder
2024-03-28 22:25:54,376 [WARN] DbFile:41 - Overriding database path with different value: C:\Users\Nghia\.stmcufinder\plugins\mcufinder/ => C:\Users\Nghia\.stmcufinder\plugins\mcufinder
2024-03-28 22:25:54,376 [INFO] CrossReferenceDbSqlite:203 - Set database path to: C:\Users\Nghia\.stmcufinder\plugins\mcufinder//mcu/cs/
2024-03-28 22:25:54,393 [INFO] ApplicationProperties:184 - Using Application install path: G:\stm32cubeide\stm32cubeide114\STM32CubeIDE_1.14.0\STM32CubeIDE\plugins\com.st.stm32cube.common.mx_6.10.0.202311202037
2024-03-28 22:25:54,394 [INFO] PluginManage:196 - Search for loadable plugins [exclusion list=, ]
2024-03-28 22:25:54,395 [INFO] PluginManage:310 - Check plugin analytics
2024-03-28 22:25:59,485 [INFO] AnalyticsPlugin:253 - Accepted Software Licenses: STM32CubeMX.6.8.0,STM32CubeMX.6.1.1
2024-03-28 22:25:59,485 [INFO] AnalyticsPlugin:255 - Accepted CMSIS Pack Licenses: 
2024-03-28 22:25:59,485 [INFO] AnalyticsPlugin:257 - Accepted Firmware Licenses: FW.F4.1.27.0,FW.F4.1.28.0
2024-03-28 22:25:59,488 [INFO] PluginManage:359 - Loaded plugin analytics (category:tool,tabindex:-1)
2024-03-28 22:25:59,488 [INFO] PluginManage:310 - Check plugin cadmodel
2024-03-28 22:25:59,501 [INFO] CADModel:105 - Init CAD model plugin
2024-03-28 22:25:59,501 [INFO] PluginManage:359 - Loaded plugin cadmodel (category:power,tabindex:5)
2024-03-28 22:25:59,501 [INFO] PluginManage:310 - Check plugin clock
2024-03-28 22:25:59,520 [INFO] PluginManage:359 - Loaded plugin clock (category:base,tabindex:2)
2024-03-28 22:25:59,520 [INFO] PluginManage:310 - Check plugin ddr
2024-03-28 22:25:59,523 [INFO] PluginManage:359 - Loaded plugin ddr (category:tool,tabindex:6)
2024-03-28 22:25:59,523 [INFO] PluginManage:310 - Check plugin filemanager
2024-03-28 22:25:59,657 [INFO] PluginManage:359 - Loaded plugin filemanager (category:base,tabindex:10)
2024-03-28 22:25:59,658 [INFO] PluginManage:310 - Check plugin ipmanager
2024-03-28 22:25:59,665 [INFO] PluginManage:359 - Loaded plugin ipmanager (category:base,tabindex:5)
2024-03-28 22:25:59,665 [INFO] PluginManage:310 - Check plugin lpbam
2024-03-28 22:25:59,679 [INFO] PluginManage:359 - Loaded plugin lpbam (category:base,tabindex:0)
2024-03-28 22:25:59,679 [INFO] PluginManage:310 - Check plugin memorymap
2024-03-28 22:25:59,699 [INFO] PluginManage:359 - Loaded plugin memorymap (category:base,tabindex:4)
2024-03-28 22:25:59,700 [INFO] PluginManage:310 - Check plugin pinoutandconfiguration
2024-03-28 22:25:59,713 [INFO] PluginManage:359 - Loaded plugin pinoutandconfiguration (category:base,tabindex:1)
2024-03-28 22:25:59,713 [INFO] PluginManage:310 - Check plugin pinoutconfig
2024-03-28 22:25:59,802 [WARN] SupportedApi:132 - Cannot load RTOS API schema: s4s-elt-must-match.1: The content of 'definitions' must match (annotation?, (simpleType | complexType)?, (unique | key | keyref)*)). A problem was found starting at: attribute.
2024-03-28 22:25:59,925 [INFO] PluginManage:359 - Loaded plugin pinoutconfig (category:base,tabindex:0)
2024-03-28 22:25:59,925 [INFO] PluginManage:310 - Check plugin power
2024-03-28 22:25:59,942 [INFO] PluginManage:359 - Loaded plugin power (category:power,tabindex:4)
2024-03-28 22:25:59,943 [INFO] PluginManage:310 - Check plugin projectmanager
2024-03-28 22:25:59,956 [INFO] PluginManage:359 - Loaded plugin projectmanager (category:projectmanager,tabindex:3)
2024-03-28 22:25:59,957 [INFO] PluginManage:310 - Check plugin thirdparty
2024-03-28 22:26:00,183 [INFO] PluginManage:359 - Loaded plugin thirdparty (category:base,tabindex:-1)
2024-03-28 22:26:00,183 [WARN] IntegrityCheckThread:84 - waiting for thirdparty lock release [integrity check]
2024-03-28 22:26:00,184 [INFO] PluginManage:310 - Check plugin tools
2024-03-28 22:26:00,184 [INFO] IntegrityCheckThread:86 - entering critical section [integrity check]
2024-03-28 22:26:00,184 [INFO] ThirdPartyUpdaterWithRetryManager:70 - Updater plugin not ready yet. [1/15]
2024-03-28 22:26:00,214 [INFO] PluginManage:359 - Loaded plugin tools (category:base,tabindex:7)
2024-03-28 22:26:00,215 [INFO] PluginManage:310 - Check plugin tutovideos
2024-03-28 22:26:00,422 [INFO] PluginManage:359 - Loaded plugin tutovideos (category:base,tabindex:-1)
2024-03-28 22:26:00,422 [INFO] PluginManage:310 - Check plugin updater
2024-03-28 22:26:00,441 [INFO] PluginManage:359 - Loaded plugin updater (category:base,tabindex:12)
2024-03-28 22:26:00,441 [INFO] PluginManage:310 - Check plugin userauth
2024-03-28 22:26:00,449 [INFO] UserAuth:114 - Init User Auth plugin
2024-03-28 22:26:00,450 [INFO] PluginManage:359 - Loaded plugin userauth (category:base,tabindex:14)
2024-03-28 22:26:00,451 [INFO] PluginManage:283 - PluginManage : Loaded plugins [17]
2024-03-28 22:26:00,710 [INFO] PinOutPanel:1499 - setPackage(No Configuration,No Configuration)
2024-03-28 22:26:00,794 [INFO] CADModel:165 - CPN selected for project level
2024-03-28 22:26:00,795 [INFO] CADModel:114 - Register for checkConnection events
2024-03-28 22:26:00,828 [INFO] IPUIPlugin:80 - create IPUIPlugin
2024-03-28 22:26:00,829 [INFO] PluginManager:220 - loadIPPluginJar : add adc
2024-03-28 22:26:00,860 [INFO] IPUIPlugin:80 - create IPUIPlugin
2024-03-28 22:26:00,860 [INFO] PluginManager:220 - loadIPPluginJar : add aes
2024-03-28 22:26:00,903 [INFO] IPUIPlugin:80 - create IPUIPlugin
2024-03-28 22:26:00,903 [INFO] PluginManager:220 - loadIPPluginJar : add can
2024-03-28 22:26:00,923 [INFO] IPUIPlugin:80 - create IPUIPlugin
2024-03-28 22:26:00,923 [INFO] PluginManager:220 - loadIPPluginJar : add comp
2024-03-28 22:26:00,953 [INFO] IPUIPlugin:80 - create IPUIPlugin
2024-03-28 22:26:00,953 [INFO] PluginManager:220 - loadIPPluginJar : add cryp
2024-03-28 22:26:00,980 [INFO] IPUIPlugin:80 - create IPUIPlugin
2024-03-28 22:26:00,980 [INFO] PluginManager:220 - loadIPPluginJar : add dfsdm
2024-03-28 22:26:00,994 [INFO] IPUIPlugin:80 - create IPUIPlugin
2024-03-28 22:26:00,994 [INFO] PluginManager:220 - loadIPPluginJar : add dma
2024-03-28 22:26:01,033 [INFO] IPUIPlugin:80 - create IPUIPlugin
2024-03-28 22:26:01,034 [INFO] PluginManager:220 - loadIPPluginJar : add dma3
2024-03-28 22:26:01,058 [INFO] IPUIPlugin:80 - create IPUIPlugin
2024-03-28 22:26:01,058 [INFO] PluginManager:220 - loadIPPluginJar : add fatfs
2024-03-28 22:26:01,139 [INFO] IPUIPlugin:80 - create IPUIPlugin
2024-03-28 22:26:01,139 [INFO] PluginManager:220 - loadIPPluginJar : add fmc
2024-03-28 22:26:01,163 [INFO] IPUIPlugin:80 - create IPUIPlugin
2024-03-28 22:26:01,163 [INFO] PluginManager:220 - loadIPPluginJar : add freertos
2024-03-28 22:26:01,191 [INFO] IPUIPlugin:80 - create IPUIPlugin
2024-03-28 22:26:01,191 [INFO] PluginManager:220 - loadIPPluginJar : add genericplugin
2024-03-28 22:26:01,297 [INFO] IPUIPlugin:80 - create IPUIPlugin
2024-03-28 22:26:01,298 [INFO] PluginManager:220 - loadIPPluginJar : add gfxmmu
2024-03-28 22:26:01,436 [INFO] IPUIPlugin:80 - create IPUIPlugin
2024-03-28 22:26:01,436 [INFO] PluginManager:220 - loadIPPluginJar : add gic
2024-03-28 22:26:01,448 [INFO] IPUIPlugin:80 - create IPUIPlugin
2024-03-28 22:26:01,448 [INFO] PluginManager:220 - loadIPPluginJar : add gpio
2024-03-28 22:26:01,541 [INFO] IPUIPlugin:80 - create IPUIPlugin
2024-03-28 22:26:01,541 [INFO] PluginManager:220 - loadIPPluginJar : add gtzc
2024-03-28 22:26:01,575 [INFO] IPUIPlugin:80 - create IPUIPlugin
2024-03-28 22:26:01,575 [INFO] PluginManager:220 - loadIPPluginJar : add hash
2024-03-28 22:26:01,633 [INFO] IPUIPlugin:80 - create IPUIPlugin
2024-03-28 22:26:01,633 [INFO] PluginManager:220 - loadIPPluginJar : add i2c
2024-03-28 22:26:01,683 [INFO] IPUIPlugin:80 - create IPUIPlugin
2024-03-28 22:26:01,683 [INFO] PluginManager:220 - loadIPPluginJar : add i2s
2024-03-28 22:26:01,730 [INFO] IPUIPlugin:80 - create IPUIPlugin
2024-03-28 22:26:01,730 [INFO] PluginManager:220 - loadIPPluginJar : add i3c
2024-03-28 22:26:01,843 [INFO] IPUIPlugin:80 - create IPUIPlugin
2024-03-28 22:26:01,843 [INFO] PluginManager:220 - loadIPPluginJar : add ipddr
2024-03-28 22:26:01,925 [INFO] IPUIPlugin:80 - create IPUIPlugin
2024-03-28 22:26:01,925 [INFO] PluginManager:220 - loadIPPluginJar : add linkedlist
2024-03-28 22:26:01,961 [INFO] IPUIPlugin:80 - create IPUIPlugin
2024-03-28 22:26:01,961 [INFO] PluginManager:220 - loadIPPluginJar : add lorawan
2024-03-28 22:26:01,994 [INFO] IPUIPlugin:80 - create IPUIPlugin
2024-03-28 22:26:01,995 [INFO] PluginManager:220 - loadIPPluginJar : add ltdc
2024-03-28 22:26:02,018 [INFO] IPUIPlugin:80 - create IPUIPlugin
2024-03-28 22:26:02,018 [INFO] PluginManager:220 - loadIPPluginJar : add mdma
2024-03-28 22:26:02,034 [INFO] IPUIPlugin:80 - create IPUIPlugin
2024-03-28 22:26:02,034 [INFO] PluginManager:220 - loadIPPluginJar : add nvic
2024-03-28 22:26:02,078 [INFO] IPUIPlugin:80 - create IPUIPlugin
2024-03-28 22:26:02,078 [INFO] PluginManager:220 - loadIPPluginJar : add opamp
2024-03-28 22:26:02,146 [INFO] IPUIPlugin:80 - create IPUIPlugin
2024-03-28 22:26:02,146 [INFO] PluginManager:220 - loadIPPluginJar : add openamp
2024-03-28 22:26:02,185 [INFO] IPUIPlugin:80 - create IPUIPlugin
2024-03-28 22:26:02,185 [INFO] PluginManager:220 - loadIPPluginJar : add pdm2pcm
2024-03-28 22:26:02,197 [INFO] IPUIPlugin:80 - create IPUIPlugin
2024-03-28 22:26:02,200 [INFO] PluginManager:220 - loadIPPluginJar : add plateformsettings
2024-03-28 22:26:02,227 [INFO] IPUIPlugin:80 - create IPUIPlugin
2024-03-28 22:26:02,227 [INFO] PluginManager:220 - loadIPPluginJar : add quadspi
2024-03-28 22:26:02,239 [INFO] IPUIPlugin:80 - create IPUIPlugin
2024-03-28 22:26:02,239 [INFO] PluginManager:220 - loadIPPluginJar : add resmgrutility
2024-03-28 22:26:02,287 [INFO] IPUIPlugin:80 - create IPUIPlugin
2024-03-28 22:26:02,287 [INFO] PluginManager:220 - loadIPPluginJar : add sai
2024-03-28 22:26:02,321 [INFO] IPUIPlugin:80 - create IPUIPlugin
2024-03-28 22:26:02,322 [INFO] PluginManager:220 - loadIPPluginJar : add spi
2024-03-28 22:26:02,388 [INFO] IPUIPlugin:80 - create IPUIPlugin
2024-03-28 22:26:02,388 [INFO] PluginManager:220 - loadIPPluginJar : add stm32_wpan
2024-03-28 22:26:02,407 [INFO] IPUIPlugin:80 - create IPUIPlugin
2024-03-28 22:26:02,408 [INFO] PluginManager:220 - loadIPPluginJar : add tim
2024-03-28 22:26:02,462 [INFO] IPUIPlugin:80 - create IPUIPlugin
2024-03-28 22:26:02,463 [INFO] PluginManager:220 - loadIPPluginJar : add touchsensing
2024-03-28 22:26:02,485 [INFO] IPUIPlugin:80 - create IPUIPlugin
2024-03-28 22:26:02,485 [INFO] PluginManager:220 - loadIPPluginJar : add tracer_emb
2024-03-28 22:26:02,507 [INFO] IPUIPlugin:80 - create IPUIPlugin
2024-03-28 22:26:02,507 [INFO] PluginManager:220 - loadIPPluginJar : add ts
2024-03-28 22:26:02,533 [INFO] IPUIPlugin:80 - create IPUIPlugin
2024-03-28 22:26:02,534 [INFO] PluginManager:220 - loadIPPluginJar : add tsc
2024-03-28 22:26:02,558 [INFO] IPUIPlugin:80 - create IPUIPlugin
2024-03-28 22:26:02,559 [INFO] PluginManager:220 - loadIPPluginJar : add ucpd
2024-03-28 22:26:02,608 [INFO] IPUIPlugin:80 - create IPUIPlugin
2024-03-28 22:26:02,608 [INFO] PluginManager:220 - loadIPPluginJar : add usart
2024-03-28 22:26:02,679 [INFO] IPUIPlugin:80 - create IPUIPlugin
2024-03-28 22:26:02,679 [INFO] PluginManager:220 - loadIPPluginJar : add usbx
2024-03-28 22:26:02,826 [INFO] CADModel:165 - CPN selected for project level
2024-03-28 22:26:02,827 [INFO] CADModel:114 - Register for checkConnection events
2024-03-28 22:26:02,827 [FATAL] Updater:308 - Updater called before beeing initialized
2024-03-28 22:26:02,827 [ERROR] CADModel:125 - Updater not yet initialized, retry later 
2024-03-28 22:26:03,034 [INFO] CADModel:165 - CPN selected for project level
2024-03-28 22:26:03,034 [INFO] CADModel:114 - Register for checkConnection events
2024-03-28 22:26:03,035 [FATAL] Updater:308 - Updater called before beeing initialized
2024-03-28 22:26:03,035 [ERROR] CADModel:125 - Updater not yet initialized, retry later 
2024-03-28 22:26:03,038 [FATAL] Updater:308 - Updater called before beeing initialized
2024-03-28 22:26:03,187 [INFO] ThirdPartyUpdaterWithRetryManager:70 - Updater plugin not ready yet. [2/15]
2024-03-28 22:26:03,196 [FATAL] Updater:308 - Updater called before beeing initialized
2024-03-28 22:26:03,209 [INFO] DbMcusAds:53 - JSON generation date=Wed Nov 29 17:52:27 ICT 2023 (1701255147349)
2024-03-28 22:26:03,209 [FATAL] Updater:308 - Updater called before beeing initialized
2024-03-28 22:26:03,297 [WARN] DetailPanel:346 - Failed to get advertising image, set to default
2024-03-28 22:26:03,412 [FATAL] Updater:308 - Updater called before beeing initialized
2024-03-28 22:26:03,415 [FATAL] Updater:308 - Updater called before beeing initialized
2024-03-28 22:26:03,415 [FATAL] Updater:308 - Updater called before beeing initialized
2024-03-28 22:26:03,415 [WARN] DetailPanel:346 - Failed to get advertising image, set to default
2024-03-28 22:26:03,416 [FATAL] Updater:308 - Updater called before beeing initialized
2024-03-28 22:26:03,484 [ERROR] Updater:1120 - MainUpdater not yet initialized. External WinMGr cannot be set.
2024-03-28 22:26:03,496 [INFO] Updater:1056 - Updater Version found : 6.10.0
2024-03-28 22:26:03,511 [INFO] ApplicationProperties:184 - Using Application install path: G:\stm32cubeide\stm32cubeide114\STM32CubeIDE_1.14.0\STM32CubeIDE\plugins\com.st.stm32cube.common.mx_6.10.0.202311202037
2024-03-28 22:26:04,040 [INFO] MainUpdater:2873 - connection check result : 10
2024-03-28 22:26:04,041 [INFO] MainUpdater:3567 - Updater definition file requires update
2024-03-28 22:26:04,042 [INFO] MainUpdater:290 - Updater Check For Update Now.
2024-03-28 22:26:04,042 [INFO] MicroXplorer:498 - Change Database Version : DB.6.0.100
2024-03-28 22:26:04,057 [INFO] McuFinderGlobals:63 - Set McuFinder mode to 2 (CubeIDE integrated)
2024-03-28 22:26:04,163 [INFO] UserAuth:404 - Internet connection configuration mode: 1
2024-03-28 22:26:04,182 [INFO] JxBrowserEngine:152 - Initiate JxBrowser Engine with user profile folder
2024-03-28 22:26:04,297 [INFO] ServerAccessManage:473 - Download File updaters.zip
2024-03-28 22:26:04,476 [INFO] FileExtend:240 - Unzip File : updaters.zip
2024-03-28 22:26:04,476 [INFO] FileExtend:255 - Standard Zip Deflate
2024-03-28 22:26:05,064 [INFO] ServerAccessManage:473 - Download File PacksControlFlags.xml
2024-03-28 22:26:05,334 [INFO] ServerAccessManage:473 - Download File cubemx.pidx
2024-03-28 22:26:06,187 [WARN] MainUpdater:1194 - Updater busy. Cannot search thirdparties
2024-03-28 22:26:06,187 [INFO] ThirdPartyUpdaterWithRetryManager:96 - Updater plugin is busy. [1/15]
2024-03-28 22:26:06,799 [INFO] ServerAccessManage:473 - Download File STMicroelectronics.FP-SNS-MOTENV1.pdsc
2024-03-28 22:26:07,564 [INFO] WebApp:161 - Instantiating new browser for Auth
2024-03-28 22:26:08,218 [INFO] WebApp:780 - Register for checkConnection events
2024-03-28 22:26:08,219 [INFO] WebApp:414 - Apply proxy settings
2024-03-28 22:26:08,219 [INFO] WebApp:499 - Chromium requires no authentication
2024-03-28 22:26:08,225 [INFO] WebApp:442 - Direct internet connection detected
2024-03-28 22:26:08,380 [INFO] WebApp:192 - Starting web application
2024-03-28 22:26:08,380 [INFO] WebApp:544 - Web application path used G:\stm32cubeide\stm32cubeide114\STM32CubeIDE_1.14.0\STM32CubeIDE\plugins\com.st.stm32cube.common.mx_6.10.0.202311202037\db\plugins\mcufinder\reactClient1\index.html
2024-03-28 22:26:09,189 [WARN] MainUpdater:1194 - Updater busy. Cannot search thirdparties
2024-03-28 22:26:09,189 [INFO] ThirdPartyUpdaterWithRetryManager:96 - Updater plugin is busy. [2/15]
2024-03-28 22:26:11,306 [INFO] ServerAccessManage:473 - Download File STMicroelectronics.X-CUBE-SAFEA1.pdsc
2024-03-28 22:26:12,190 [WARN] MainUpdater:1194 - Updater busy. Cannot search thirdparties
2024-03-28 22:26:12,190 [INFO] ThirdPartyUpdaterWithRetryManager:96 - Updater plugin is busy. [3/15]
2024-03-28 22:26:13,460 [INFO] ServerAccessManage:473 - Download File STMicroelectronics.X-CUBE-TOUCHGFX.pdsc
2024-03-28 22:26:15,192 [WARN] MainUpdater:1194 - Updater busy. Cannot search thirdparties
2024-03-28 22:26:15,192 [INFO] ThirdPartyUpdaterWithRetryManager:96 - Updater plugin is busy. [4/15]
2024-03-28 22:26:18,193 [WARN] MainUpdater:1194 - Updater busy. Cannot search thirdparties
2024-03-28 22:26:18,193 [INFO] ThirdPartyUpdaterWithRetryManager:96 - Updater plugin is busy. [5/15]
2024-03-28 22:26:21,194 [WARN] MainUpdater:1194 - Updater busy. Cannot search thirdparties
2024-03-28 22:26:21,194 [INFO] ThirdPartyUpdaterWithRetryManager:96 - Updater plugin is busy. [6/15]
2024-03-28 22:26:24,196 [WARN] MainUpdater:1194 - Updater busy. Cannot search thirdparties
2024-03-28 22:26:24,196 [INFO] ThirdPartyUpdaterWithRetryManager:96 - Updater plugin is busy. [7/15]
2024-03-28 22:26:27,197 [WARN] MainUpdater:1194 - Updater busy. Cannot search thirdparties
2024-03-28 22:26:27,197 [INFO] ThirdPartyUpdaterWithRetryManager:96 - Updater plugin is busy. [8/15]
2024-03-28 22:26:29,240 [ERROR] LogOutputStream:75 - [STDERR_REDIRECT] SLF4J: Failed to load class "org.slf4j.impl.StaticLoggerBinder".
2024-03-28 22:26:29,241 [ERROR] LogOutputStream:75 - [STDERR_REDIRECT] SLF4J: Defaulting to no-operation (NOP) logger implementation
2024-03-28 22:26:29,242 [ERROR] LogOutputStream:75 - [STDERR_REDIRECT] SLF4J: See http://www.slf4j.org/codes.html#StaticLoggerBinder for further details.
2024-03-28 22:26:30,200 [WARN] MainUpdater:1194 - Updater busy. Cannot search thirdparties
2024-03-28 22:26:30,200 [INFO] ThirdPartyUpdaterWithRetryManager:96 - Updater plugin is busy. [9/15]
2024-03-28 22:26:33,201 [WARN] MainUpdater:1194 - Updater busy. Cannot search thirdparties
2024-03-28 22:26:33,201 [INFO] ThirdPartyUpdaterWithRetryManager:96 - Updater plugin is busy. [10/15]
2024-03-28 22:26:36,202 [WARN] MainUpdater:1194 - Updater busy. Cannot search thirdparties
2024-03-28 22:26:36,202 [INFO] ThirdPartyUpdaterWithRetryManager:96 - Updater plugin is busy. [11/15]
2024-03-28 22:26:37,047 [WARN] PackLoader:240 - Cannot read IP mode file for STMicroelectronics.FP-SNS-MOTENV1.5.0.0
2024-03-28 22:26:37,064 [WARN] PackLoader:240 - Cannot read IP mode file for STMicroelectronics.X-CUBE-SAFEA1.1.2.2
2024-03-28 22:26:37,071 [WARN] PackLoader:240 - Cannot read IP mode file for STMicroelectronics.X-CUBE-TOUCHGFX.4.23.1
2024-03-28 22:26:37,076 [INFO] PopulateThirdPartyThread:66 - Ending populate Thread
2024-03-28 22:26:37,078 [INFO] ThirdParty:1030 - CMSIS Pack Vendor :STMicroelectronics X-CUBE-TOUCHGFX 4.23.1
2024-03-28 22:26:37,078 [INFO] ThirdParty:1030 - CMSIS Pack Vendor :STMicroelectronics FP-SNS-MOTENV1 5.0.0
2024-03-28 22:26:37,078 [INFO] ThirdParty:1030 - CMSIS Pack Vendor :STMicroelectronics X-CUBE-SAFEA1 1.2.2
2024-03-28 22:26:37,078 [INFO] LoadServerUpdatesThread:375 - End of LoadServerUpdate Thread
2024-03-28 22:26:37,184 [INFO] CheckServerUpdateThread:120 - End of CheckServer Thread
2024-03-28 22:26:39,390 [WARN] PackLoader:240 - Cannot read IP mode file for STMicroelectronics.X-CUBE-SMBUS.2.1.0
2024-03-28 22:26:39,394 [WARN] PackLoader:240 - Cannot read IP mode file for STMicroelectronics.X-CUBE-TOUCHGFX.4.23.1
2024-03-28 22:26:39,403 [WARN] PackLoader:240 - Cannot read IP mode file for STMicroelectronics.X-CUBE-TOUCHGFX.4.23.0
2024-03-28 22:26:39,439 [WARN] PackLoader:240 - Cannot read IP mode file for STMicroelectronics.X-CUBE-AZRTOS-F7.1.1.0
2024-03-28 22:26:39,457 [WARN] PackLoader:240 - Cannot read IP mode file for STMicroelectronics.FP-SNS-MOTENV1.4.3.2
2024-03-28 22:26:39,464 [WARN] PackLoader:240 - Cannot read IP mode file for STMicroelectronics.FP-SNS-FLIGHT1.5.0.2
2024-03-28 22:26:39,486 [WARN] PackLoader:240 - Cannot read IP mode file for STMicroelectronics.X-CUBE-DISPLAY.3.0.0
2024-03-28 22:26:39,515 [WARN] PackLoader:240 - Cannot read IP mode file for STMicroelectronics.X-CUBE-BLE1.7.0.0
2024-03-28 22:26:39,536 [WARN] PackLoader:240 - Cannot read IP mode file for emotas.I-CUBE-CANOPEN.1.3.0
2024-03-28 22:26:39,575 [WARN] PackLoader:240 - Cannot read IP mode file for STMicroelectronics.X-CUBE-TOUCHGFX.4.22.1
2024-03-28 22:26:39,613 [WARN] PackLoader:240 - Cannot read IP mode file for STMicroelectronics.X-CUBE-BLEMGR.3.1.0
2024-03-28 22:26:39,638 [WARN] PackLoader:240 - Cannot read IP mode file for STMicroelectronics.FP-SNS-SMARTAG2.1.2.0
2024-03-28 22:26:39,663 [INFO] LogOutputStream:77 - [STDOUT_REDIRECT] 1 : Invalid condition id : UX_CORESTACK_Condition cause : null
2024-03-28 22:26:39,664 [INFO] LogOutputStream:77 - [STDOUT_REDIRECT] 1 : Invalid condition id : UX_CORESTACK_Condition cause : null
2024-03-28 22:26:39,666 [INFO] LogOutputStream:77 - [STDOUT_REDIRECT] 1 : Invalid condition id : UX_CORESTACK_Condition cause : null
2024-03-28 22:26:39,666 [INFO] LogOutputStream:77 - [STDOUT_REDIRECT] 1 : Invalid condition id : UX_CORESTACK_Condition cause : null
2024-03-28 22:26:39,667 [INFO] LogOutputStream:77 - [STDOUT_REDIRECT] 1 : Invalid condition id : UX_CORESTACK_Condition cause : null
2024-03-28 22:26:39,673 [WARN] PackLoader:240 - Cannot read IP mode file for STMicroelectronics.X-CUBE-AZRTOS-WL.2.0.0
2024-03-28 22:26:39,679 [WARN] PackLoader:240 - Cannot read IP mode file for STMicroelectronics.FP-SNS-MOTENV1.5.0.0
2024-03-28 22:26:39,696 [WARN] PackLoader:240 - Cannot read IP mode file for WES.I-CUBE-Cesium.1.3.0
2024-03-28 22:26:39,709 [WARN] PackLoader:240 - Cannot read IP mode file for STMicroelectronics.X-CUBE-BLE2.3.3.0
2024-03-28 22:26:39,728 [WARN] PackLoader:240 - Cannot read IP mode file for STMicroelectronics.X-CUBE-ALGOBUILD.1.3.0
2024-03-28 22:26:39,765 [WARN] PackLoader:240 - Cannot read IP mode file for STMicroelectronics.X-CUBE-AZRTOS-G0.1.1.0
2024-03-28 22:26:39,778 [WARN] PackLoader:240 - Cannot read IP mode file for STMicroelectronics.X-CUBE-SAFEA1.1.2.2
2024-03-28 22:26:39,798 [WARN] PackLoader:240 - Cannot read IP mode file for STMicroelectronics.X-CUBE-NFC4.3.0.0
2024-03-28 22:26:39,818 [WARN] PackLoader:240 - Cannot read IP mode file for STMicroelectronics.X-CUBE-BLEMGR.3.0.0
2024-03-28 22:26:39,826 [WARN] PackLoader:240 - Cannot read IP mode file for STMicroelectronics.FP-ATR-SIGFOX1.3.2.0
2024-03-28 22:26:39,842 [WARN] PackLoader:240 - Cannot read IP mode file for STMicroelectronics.X-CUBE-EEPRMA1.5.1.0
2024-03-28 22:26:39,889 [WARN] PackLoader:240 - Cannot read IP mode file for SEGGER.I-CUBE-embOS.1.3.1
2024-03-28 22:26:39,953 [WARN] PackLoader:240 - Cannot read IP mode file for STMicroelectronics.X-CUBE-GNSS1.6.0.0
2024-03-28 22:26:40,013 [WARN] PackLoader:240 - Cannot read IP mode file for STMicroelectronics.X-CUBE-AZRTOS-F4.1.1.0
2024-03-28 22:26:40,038 [WARN] PackLoader:240 - Cannot read IP mode file for wolfSSL.I-CUBE-wolfSSL.5.6.3
2024-03-28 22:26:40,096 [WARN] PackLoader:240 - Cannot read IP mode file for STMicroelectronics.X-CUBE-AZRTOS-L5.2.0.0
2024-03-28 22:26:40,154 [WARN] PackLoader:240 - Cannot read IP mode file for STMicroelectronics.X-CUBE-MEMS1.9.6.0
2024-03-28 22:26:40,328 [WARN] PackLoader:240 - Cannot read IP mode file for STMicroelectronics.X-CUBE-EEPRMA1.4.2.0
2024-03-28 22:26:40,342 [WARN] PackLoader:240 - Cannot read IP mode file for STMicroelectronics.X-CUBE-NFC6.3.1.0
2024-03-28 22:26:40,356 [WARN] PackLoader:240 - Cannot read IP mode file for ITTIA_DB.I-CUBE-ITTIADB.8.8.0
2024-03-28 22:26:40,371 [WARN] PackLoader:240 - Cannot read IP mode file for STMicroelectronics.X-CUBE-BLEMGR.2.0.0
2024-03-28 22:26:40,401 [WARN] ConditionMgr:438 - getConditionDescription Invalid condition id : UX DEVICE CLASS RTOS Condition cause : null
2024-03-28 22:26:40,401 [WARN] ConditionMgr:438 - getConditionDescription Invalid condition id : UX DEVICE CLASS RTOS Condition cause : null
2024-03-28 22:26:40,403 [WARN] PackLoader:240 - Cannot read IP mode file for STMicroelectronics.X-CUBE-AZRTOS-H7.3.1.0
2024-03-28 22:26:40,404 [WARN] ConditionMgr:1039 - genDependencies : Invalid condition id : UX DEVICE CLASS RTOS Condition cause : null
2024-03-28 22:26:40,404 [WARN] ConditionMgr:1039 - genDependencies : Invalid condition id : UX DEVICE CLASS RTOS Condition cause : null
2024-03-28 22:26:40,404 [WARN] ConditionMgr:1039 - genDependencies : Invalid condition id : UX DEVICE CLASS RTOS Condition cause : null
2024-03-28 22:26:40,404 [WARN] ConditionMgr:1039 - genDependencies : Invalid condition id : UX DEVICE CLASS RTOS Condition cause : null
2024-03-28 22:26:40,404 [WARN] ConditionMgr:1039 - genDependencies : Invalid condition id : UX DEVICE CLASS RTOS Condition cause : null
2024-03-28 22:26:40,417 [WARN] PackLoader:240 - Cannot read IP mode file for STMicroelectronics.X-CUBE-NFC7.1.0.1
2024-03-28 22:26:40,433 [WARN] PackLoader:240 - Cannot read IP mode file for STMicroelectronics.X-CUBE-NFC6.3.0.0
2024-03-28 22:26:40,446 [WARN] PackLoader:240 - Cannot read IP mode file for STMicroelectronics.X-CUBE-EEPRMA1.4.1.0
2024-03-28 22:26:40,457 [WARN] PackLoader:240 - Cannot read IP mode file for STMicroelectronics.X-CUBE-AI.8.1.0
2024-03-28 22:26:40,485 [WARN] ConditionMgr:438 - getConditionDescription Invalid condition id : LAN8742 Phy interface Condition cause : null
2024-03-28 22:26:40,485 [WARN] PackLoader:240 - Cannot read IP mode file for STMicroelectronics.X-CUBE-AZRTOS-L4.2.0.0
2024-03-28 22:26:40,486 [WARN] ConditionMgr:1039 - genDependencies : Invalid condition id : LAN8742 Phy interface Condition cause : null
2024-03-28 22:26:40,486 [WARN] ConditionMgr:1039 - genDependencies : Invalid condition id : LAN8742 Phy interface Condition cause : null
2024-03-28 22:26:40,486 [WARN] ConditionMgr:1039 - genDependencies : Invalid condition id : LAN8742 Phy interface Condition cause : null
2024-03-28 22:26:40,500 [WARN] PackLoader:240 - Cannot read IP mode file for STMicroelectronics.X-CUBE-SFXS2LP1.4.0.0
2024-03-28 22:26:40,513 [WARN] PackLoader:240 - Cannot read IP mode file for STMicroelectronics.X-CUBE-ISPU.1.1.0
2024-03-28 22:26:40,535 [WARN] ConditionMgr:438 - getConditionDescription Invalid condition id : UX DEVICE CLASS RTOS Condition cause : null
2024-03-28 22:26:40,535 [WARN] ConditionMgr:438 - getConditionDescription Invalid condition id : UX DEVICE CLASS RTOS Condition cause : null
2024-03-28 22:26:40,537 [WARN] PackLoader:240 - Cannot read IP mode file for STMicroelectronics.X-CUBE-AZRTOS-WB.2.0.0
2024-03-28 22:26:40,537 [WARN] ConditionMgr:1039 - genDependencies : Invalid condition id : UX DEVICE CLASS RTOS Condition cause : null
2024-03-28 22:26:40,537 [WARN] ConditionMgr:1039 - genDependencies : Invalid condition id : UX DEVICE CLASS RTOS Condition cause : null
2024-03-28 22:26:40,537 [WARN] ConditionMgr:1039 - genDependencies : Invalid condition id : UX DEVICE CLASS RTOS Condition cause : null
2024-03-28 22:26:40,538 [WARN] ConditionMgr:1039 - genDependencies : Invalid condition id : UX DEVICE CLASS RTOS Condition cause : null
2024-03-28 22:26:40,538 [WARN] ConditionMgr:1039 - genDependencies : Invalid condition id : UX DEVICE CLASS RTOS Condition cause : null
2024-03-28 22:26:40,560 [WARN] PackLoader:240 - Cannot read IP mode file for STMicroelectronics.X-CUBE-SUBG2.5.0.0
2024-03-28 22:26:40,590 [WARN] PackLoader:240 - Cannot read IP mode file for STMicroelectronics.X-CUBE-TOF1.3.3.1
2024-03-28 22:26:40,637 [WARN] PackLoader:240 - Cannot read IP mode file for STMicroelectronics.X-CUBE-AZRTOS-G4.2.0.0
2024-03-28 22:26:40,679 [WARN] PackLoader:240 - Cannot read IP mode file for Infineon.AIROC-Wi-Fi-Bluetooth-STM32.1.5.1
2024-03-28 22:26:40,700 [WARN] PackLoader:240 - Cannot read IP mode file for STMicroelectronics.FP-SNS-MOTENVWB1.1.3.0
2024-03-28 22:26:40,708 [WARN] PackLoader:240 - Cannot read IP mode file for STMicroelectronics.FP-SNS-MOTENVWB1.1.3.1
2024-03-28 22:26:40,724 [WARN] PackLoader:240 - Cannot read IP mode file for STMicroelectronics.X-CUBE-ISPU.2.0.0
2024-03-28 22:26:40,778 [WARN] PackLoader:240 - Cannot read IP mode file for STMicroelectronics.X-CUBE-MEMS1.10.0.0
2024-03-28 22:26:40,927 [WARN] PackLoader:240 - Cannot read IP mode file for STMicroelectronics.X-CUBE-FREERTOS.1.1.0
2024-03-28 22:26:40,952 [WARN] PackLoader:240 - Cannot read IP mode file for portGmbH.I-Cube-SoM-uGOAL.1.1.0
2024-03-28 22:26:40,974 [WARN] PackLoader:240 - Cannot read IP mode file for STMicroelectronics.X-CUBE-ALS.1.0.1
2024-03-28 22:26:40,982 [WARN] PackLoader:240 - Cannot read IP mode file for STMicroelectronics.FP-ATR-ASTRA1.2.0.0
2024-03-28 22:26:41,011 [WARN] PackLoader:240 - Cannot read IP mode file for STMicroelectronics.X-CUBE-TOF1.3.4.0
2024-03-28 22:26:41,050 [WARN] PackLoader:240 - Cannot read IP mode file for STMicroelectronics.X-CUBE-TOF1.3.4.1
2024-03-28 22:26:41,104 [WARN] PackLoader:240 - Cannot read IP mode file for STMicroelectronics.X-CUBE-AZRTOS-H7.3.2.0
2024-03-28 22:26:41,107 [INFO] ThirdParty:978 - Integrity check success = true
2024-03-28 22:26:41,108 [INFO] IntegrityCheckThread:100 - exiting critical section [integrity check]
2024-03-28 22:26:41,108 [INFO] IntegrityCheckThread:103 - End integrity checks thread
2024-03-28 22:29:55,002 [ERROR] LogOutputStream:75 - [STDERR_REDIRECT] 
